python .\game.py
pygame 2.6.1 (SDL 2.28.4, Python 3.13.14)
Hello from the pygame community. https://www.pygame.org/contribute.html
[generage_number()] (i, j): (3, 3) / number: 1
==================
- - - - 
- - - - 
- - - - 
1 - - - 
[generage_number()] (i, j): (3, 3) / number: 1
==================
1 - - 1 
- - - - 
- - - - 
- - - - 
[generage_number()] (i, j): (3, 3) / number: 1
==================
- - - 2 
- - - - 
- - - - 
- - - 1 
[generage_number()] (i, j): (3, 3) / number: 2
[]
[]
[]
[2, 2]
==================
- - - - 
- - - - 
- - - - 
- - - 3 
[generage_number()] (i, j): (3, 3) / number: 3
==================
- - - - 
- - - - 
- - - - 
3 - - - 
[generage_number()] (i, j): (3, 3) / number: 2
==================
3 - - 2 
- - - - 
- - - - 
- - - - 
[generage_number()] (i, j): (3, 3) / number: 3
==================
3 2 - - 
- - - - 
- - - - 
3 - - - 
[generage_number()] (i, j): (3, 3) / number: 2
==================
4 2 - 2 
- - - - 
- - - - 
- - - - 
[generage_number()] (i, j): (3, 3) / number: 3
==================
4 3 - - 
- - - - 
- - - - 
3 - - - 
[generage_number()] (i, j): (3, 3) / number: 4
==================
4 3 - 4 
3 - - - 
- - - - 
- - - - 
[generage_number()] (i, j): (3, 3) / number: 2
==================
- 4 3 4 
- - - 3 
- - - - 
- - - 2 
[generage_number()] (i, j): (3, 3) / number: 2
[]
[4]
[3]
[4, 3, 2]
==================
- - - - 
- - - 4 
- - - 3 
- 4 3 2 
[generage_number()] (i, j): (3, 3) / number: 3
[]
[4]
[3]
[4, 3, 3]
==================
- - - - 
- - - - 
- 4 3 5 
[generage_number()] (i, j): (3, 3) / number: 1
==================
- 4 3 1 
- - - - 
- - - - 
- - - - 
[generage_number()] (i, j): (3, 3) / number: 4